[debug] [2018-02-21T23:41:04.455Z] ----------------------------------------------------------------------
[debug] [2018-02-21T23:41:04.457Z] Command:       /usr/local/bin/node /usr/local/bin/firebase serve
[debug] [2018-02-21T23:41:04.457Z] CLI Version:   3.17.4
[debug] [2018-02-21T23:41:04.457Z] Platform:      linux
[debug] [2018-02-21T23:41:04.457Z] Node Version:  v9.5.0
[debug] [2018-02-21T23:41:04.457Z] Time:          Wed Feb 21 2018 20:41:04 GMT-0300 (CLST)
[debug] [2018-02-21T23:41:04.457Z] ----------------------------------------------------------------------
[debug] 
[debug] [2018-02-21T23:41:04.468Z] > command requires scopes: ["email","openid","https://www.googleapis.com/auth/cloudplatformprojects.readonly","https://www.googleapis.com/auth/firebase","https://www.googleapis.com/auth/cloud-platform"]
[debug] [2018-02-21T23:41:04.468Z] > authorizing via signed-in user
[debug] [2018-02-21T23:41:04.470Z] > refreshing access token with scopes: ["email","https://www.googleapis.com/auth/cloud-platform","https://www.googleapis.com/auth/cloudplatformprojects.readonly","https://www.googleapis.com/auth/firebase","openid"]
[debug] [2018-02-21T23:41:04.470Z] >>> HTTP REQUEST POST https://www.googleapis.com/oauth2/v3/token  
 { refresh_token: '1/MngIT3Te8iH5KCGignZKOYmuX_6HDY3ZcpUiv_IH508',
  client_id: '563584335869-fgrhgmd47bqnekij5i8b5pr03ho849e6.apps.googleusercontent.com',
  client_secret: 'j9iVZfS8kkCEFUPaAeJV0sAi',
  grant_type: 'refresh_token',
  scope: 'email https://www.googleapis.com/auth/cloud-platform https://www.googleapis.com/auth/cloudplatformprojects.readonly https://www.googleapis.com/auth/firebase openid' } 
 Wed Feb 21 2018 20:41:04 GMT-0300 (CLST)
[debug] [2018-02-21T23:41:04.857Z] <<< HTTP RESPONSE 200
[debug] [2018-02-21T23:41:04.867Z] >>> HTTP REQUEST GET https://admin.firebase.com/v1/projects/nasa-project-nienna  
  
 Wed Feb 21 2018 20:41:04 GMT-0300 (CLST)
[debug] [2018-02-21T23:41:06.173Z] <<< HTTP RESPONSE 200
[debug] [2018-02-21T23:41:06.173Z] >>> HTTP REQUEST GET https://admin.firebase.com/v1/database/nasa-project-nienna/tokens  
  
 Wed Feb 21 2018 20:41:06 GMT-0300 (CLST)
[debug] [2018-02-21T23:41:07.476Z] <<< HTTP RESPONSE 200
[info] 
[info] === Serving from '/home/laboratoria/Nienna/front_end/02_spa/06_reto_nasa'...
[info] 
[debug] [2018-02-21T23:41:07.482Z] >>> HTTP REQUEST GET https://cloudresourcemanager.googleapis.com/v1/projects/nasa-project-nienna  
  
 Wed Feb 21 2018 20:41:07 GMT-0300 (CLST)
[debug] [2018-02-21T23:41:08.853Z] <<< HTTP RESPONSE 200
[debug] [2018-02-21T23:41:08.854Z] >>> HTTP REQUEST GET https://mobilesdk-pa.googleapis.com/v1/projects/962497230993/clients/_:getWebAppConfig  
  
 Wed Feb 21 2018 20:41:08 GMT-0300 (CLST)
[debug] [2018-02-21T23:41:10.167Z] <<< HTTP RESPONSE 200
[info] i  hosting: Serving hosting files from: ./
[info] ✔  hosting: Local server: http://localhost:5000

